<?xml version="1.0" encoding="UTF-8"?>
<testng-results ignored="0" total="1" passed="1" failed="0" skipped="0">
  <reporter-output>
    <line>
      <![CDATA[Chrome Launched]]>
    </line>
    <line>
      <![CDATA[http://localhost/testsite1/wp-login.php Url Navigated]]>
    </line>
    <line>
      <![CDATA[Your Products Section Displayed]]>
    </line>
    <line>
      <![CDATA[Payment Information Section Displayed]]>
    </line>
    <line>
      <![CDATA[isGreaterThan_InvalidCase_4 script is passed]]>
    </line>
  </reporter-output>
  <suite started-at="2019-09-17T11:44:43 IST" name="Suite" finished-at="2019-09-17T11:45:41 IST" duration-ms="58370">
    <groups>
    </groups>
    <test started-at="2019-09-17T11:44:43 IST" name="Test" finished-at="2019-09-17T11:45:41 IST" duration-ms="58370">
      <class name="com.orderbump.scripts.CartTotal_1">
        <test-method is-config="true" signature="setUp(java.lang.String, java.lang.String)[pri:0, instance:com.orderbump.scripts.CartTotal_1@501edcf1]" started-at="2019-09-17T11:44:43 IST" name="setUp" finished-at="2019-09-17T11:44:57 IST" duration-ms="13965" status="PASS">
          <params>
            <param index="0">
              <value>
                <![CDATA[chrome]]>
              </value>
            </param>
            <param index="1">
              <value>
                <![CDATA[http://localhost/testsite1/wp-login.php]]>
              </value>
            </param>
          </params>
          <reporter-output>
            <line>
              <![CDATA[Chrome Launched]]>
            </line>
            <line>
              <![CDATA[http://localhost/testsite1/wp-login.php Url Navigated]]>
            </line>
          </reporter-output>
        </test-method> <!-- setUp -->
        <test-method signature="isGreaterThan_InvalidCase_4()[pri:0, instance:com.orderbump.scripts.CartTotal_1@501edcf1]" started-at="2019-09-17T11:44:57 IST" name="isGreaterThan_InvalidCase_4" finished-at="2019-09-17T11:45:41 IST" duration-ms="44374" status="PASS">
          <reporter-output>
            <line>
              <![CDATA[Your Products Section Displayed]]>
            </line>
            <line>
              <![CDATA[Payment Information Section Displayed]]>
            </line>
          </reporter-output>
        </test-method> <!-- isGreaterThan_InvalidCase_4 -->
        <test-method is-config="true" signature="tearDown(org.testng.ITestResult)[pri:0, instance:com.orderbump.scripts.CartTotal_1@501edcf1]" started-at="2019-09-17T11:45:41 IST" name="tearDown" finished-at="2019-09-17T11:45:41 IST" duration-ms="3" status="PASS">
          <params>
            <param index="0">
              <value>
                <![CDATA[[TestResult name=isGreaterThan_InvalidCase_4 status=SUCCESS method=CartTotal_1.isGreaterThan_InvalidCase_4()[pri:0, instance:com.orderbump.scripts.CartTotal_1@501edcf1] output=Your Products Section Displayed]]]>
              </value>
            </param>
          </params>
          <reporter-output>
            <line>
              <![CDATA[isGreaterThan_InvalidCase_4 script is passed]]>
            </line>
          </reporter-output>
        </test-method> <!-- tearDown -->
      </class> <!-- com.orderbump.scripts.CartTotal_1 -->
    </test> <!-- Test -->
  </suite> <!-- Suite -->
</testng-results>
